Log file open, 10/10/16 20:52:29
LogInit:Display: Running engine for game: ThirdPersonShooter
LogPlatformFile: Not using cached read wrapper
LogInit:Display: RandInit(1394956313) SRandInit(1394956313).
LogTaskGraph: Started task graph with 5 named threads and 8 total threads with 1 sets of task threads.
LogStats: Stats thread started at 0.071946
LogPluginManager: Loaded Plugin Paper2D, From C:/Program Files (x86)/Epic Games/4.13/Engine/Plugins/2D/Paper2D/Paper2D.uplugin
LogPluginManager: Loaded Plugin LightPropagationVolume, From C:/Program Files (x86)/Epic Games/4.13/Engine/Plugins/Blendables/LightPropagationVolume/LightPropagationVolume.uplugin
LogPluginManager: Loaded Plugin BlankPlugin, From C:/Program Files (x86)/Epic Games/4.13/Engine/Plugins/Developer/BlankPlugin/BlankPlugin.uplugin
LogPluginManager: Loaded Plugin CodeLiteSourceCodeAccess, From C:/Program Files (x86)/Epic Games/4.13/Engine/Plugins/Developer/CodeLiteSourceCodeAccess/CodeLiteSourceCodeAccess.uplugin
LogPluginManager: Loaded Plugin GitSourceControl, From C:/Program Files (x86)/Epic Games/4.13/Engine/Plugins/Developer/GitSourceControl/GitSourceControl.uplugin
LogPluginManager: Loaded Plugin KDevelopSourceCodeAccess, From C:/Program Files (x86)/Epic Games/4.13/Engine/Plugins/Developer/KDevelopSourceCodeAccess/KDevelopSourceCodeAccess.uplugin
LogPluginManager: Loaded Plugin NullSourceCodeAccess, From C:/Program Files (x86)/Epic Games/4.13/Engine/Plugins/Developer/NullSourceCodeAccess/NullSourceCodeAccess.uplugin
LogPluginManager: Loaded Plugin OneSkyLocalizationService, From C:/Program Files (x86)/Epic Games/4.13/Engine/Plugins/Developer/OneSkyLocalizationService/OneSkyLocalizationService.uplugin
LogPluginManager: Loaded Plugin PerforceSourceControl, From C:/Program Files (x86)/Epic Games/4.13/Engine/Plugins/Developer/PerforceSourceControl/PerforceSourceControl.uplugin
LogPluginManager: Loaded Plugin SubversionSourceControl, From C:/Program Files (x86)/Epic Games/4.13/Engine/Plugins/Developer/SubversionSourceControl/SubversionSourceControl.uplugin
LogPluginManager: Loaded Plugin UObjectPlugin, From C:/Program Files (x86)/Epic Games/4.13/Engine/Plugins/Developer/UObjectPlugin/UObjectPlugin.uplugin
LogPluginManager: Loaded Plugin VisualStudioSourceCodeAccess, From C:/Program Files (x86)/Epic Games/4.13/Engine/Plugins/Developer/VisualStudioSourceCodeAccess/VisualStudioSourceCodeAccess.uplugin
LogPluginManager: Loaded Plugin XCodeSourceCodeAccess, From C:/Program Files (x86)/Epic Games/4.13/Engine/Plugins/Developer/XCodeSourceCodeAccess/XCodeSourceCodeAccess.uplugin
LogPluginManager: Loaded Plugin EpicSurvey, From C:/Program Files (x86)/Epic Games/4.13/Engine/Plugins/Editor/EpicSurvey/EpicSurvey.uplugin
LogPluginManager: Loaded Plugin MacGraphicsSwitching, From C:/Program Files (x86)/Epic Games/4.13/Engine/Plugins/Editor/MacGraphicsSwitching/MacGraphicsSwitching.uplugin
LogPluginManager: Loaded Plugin MobileLauncherProfileWizard, From C:/Program Files (x86)/Epic Games/4.13/Engine/Plugins/Editor/MobileLauncherProfileWizard/MobileLauncherProfileWizard.uplugin
LogPluginManager: Loaded Plugin PluginBrowser, From C:/Program Files (x86)/Epic Games/4.13/Engine/Plugins/Editor/PluginBrowser/PluginBrowser.uplugin
LogPluginManager: Loaded Plugin SpeedTreeImporter, From C:/Program Files (x86)/Epic Games/4.13/Engine/Plugins/Editor/SpeedTreeImporter/SpeedTreeImporter.uplugin
LogPluginManager: Loaded Plugin SuperSearchEditor, From C:/Program Files (x86)/Epic Games/4.13/Engine/Plugins/Editor/SuperSearchEditor/SuperSearchEditor.uplugin
LogPluginManager: Loaded Plugin AlembicImporter, From C:/Program Files (x86)/Epic Games/4.13/Engine/Plugins/Experimental/AlembicImporter/AlembicImporter.uplugin
LogPluginManager: Loaded Plugin BlueprintStats, From C:/Program Files (x86)/Epic Games/4.13/Engine/Plugins/Experimental/BlueprintStats/BlueprintStats.uplugin
LogPluginManager: Loaded Plugin CharacterAI, From C:/Program Files (x86)/Epic Games/4.13/Engine/Plugins/Experimental/CharacterAI/CharacterAI.uplugin
LogPluginManager: Loaded Plugin CodeEditor, From C:/Program Files (x86)/Epic Games/4.13/Engine/Plugins/Experimental/CodeEditor/CodeEditor.uplugin
LogPluginManager: Loaded Plugin CodeView, From C:/Program Files (x86)/Epic Games/4.13/Engine/Plugins/Experimental/CodeView/CodeView.uplugin
LogPluginManager: Loaded Plugin HTML5Networking, From C:/Program Files (x86)/Epic Games/4.13/Engine/Plugins/Experimental/HTML5Networking/HTML5Networking.uplugin
LogPluginManager: Loaded Plugin LiveEditor, From C:/Program Files (x86)/Epic Games/4.13/Engine/Plugins/Experimental/LiveEditor/LiveEditor.uplugin
LogPluginManager: Loaded Plugin OSVR, From C:/Program Files (x86)/Epic Games/4.13/Engine/Plugins/Experimental/OSVR/OSVR.uplugin
LogPluginManager: Loaded Plugin Phya, From C:/Program Files (x86)/Epic Games/4.13/Engine/Plugins/Experimental/Phya/Phya.uplugin
LogPluginManager: Loaded Plugin SignificanceManager, From C:/Program Files (x86)/Epic Games/4.13/Engine/Plugins/Experimental/SignificanceManager/SignificanceManager.uplugin
LogPluginManager: Loaded Plugin SimpleHMD, From C:/Program Files (x86)/Epic Games/4.13/Engine/Plugins/Experimental/SimpleHMD/SimpleHMD.uplugin
LogPluginManager: Loaded Plugin StereoPanorama, From C:/Program Files (x86)/Epic Games/4.13/Engine/Plugins/Experimental/StereoPanorama/StereoPanorama.uplugin
LogPluginManager: Loaded Plugin StructBox, From C:/Program Files (x86)/Epic Games/4.13/Engine/Plugins/Experimental/StructBox/StructBox.uplugin
LogPluginManager: Loaded Plugin AndroidMedia, From C:/Program Files (x86)/Epic Games/4.13/Engine/Plugins/Media/AndroidMedia/AndroidMedia.uplugin
LogPluginManager: Loaded Plugin AvfMedia, From C:/Program Files (x86)/Epic Games/4.13/Engine/Plugins/Media/AvfMedia/AvfMedia.uplugin
LogPluginManager: Loaded Plugin MediaPlayerEditor, From C:/Program Files (x86)/Epic Games/4.13/Engine/Plugins/Media/MediaPlayerEditor/MediaPlayerEditor.uplugin
LogPluginManager: Loaded Plugin WmfMedia, From C:/Program Files (x86)/Epic Games/4.13/Engine/Plugins/Media/WmfMedia/WmfMedia.uplugin
LogPluginManager: Loaded Plugin MessagingDebugger, From C:/Program Files (x86)/Epic Games/4.13/Engine/Plugins/Messaging/MessagingDebugger/MessagingDebugger.uplugin
LogPluginManager: Loaded Plugin TcpMessaging, From C:/Program Files (x86)/Epic Games/4.13/Engine/Plugins/Messaging/TcpMessaging/TcpMessaging.uplugin
LogPluginManager: Loaded Plugin UdpMessaging, From C:/Program Files (x86)/Epic Games/4.13/Engine/Plugins/Messaging/UdpMessaging/UdpMessaging.uplugin
LogPluginManager: Loaded Plugin LevelSequenceEditor, From C:/Program Files (x86)/Epic Games/4.13/Engine/Plugins/MovieScene/LevelSequenceEditor/LevelSequenceEditor.uplugin
LogPluginManager: Loaded Plugin MatineeToLevelSequence, From C:/Program Files (x86)/Epic Games/4.13/Engine/Plugins/MovieScene/MatineeToLevelSequence/MatineeToLevelSequence.uplugin
LogPluginManager: Loaded Plugin NetcodeUnitTest, From C:/Program Files (x86)/Epic Games/4.13/Engine/Plugins/NetcodeUnitTest/NetcodeUnitTest/NetcodeUnitTest.uplugin
LogPluginManager: Loaded Plugin NUTUnrealEngine4, From C:/Program Files (x86)/Epic Games/4.13/Engine/Plugins/NetcodeUnitTest/NUTUnrealEngine4/NUTUnrealEngine4.uplugin
LogPluginManager: Loaded Plugin OnlineSubsystemGooglePlay, From C:/Program Files (x86)/Epic Games/4.13/Engine/Plugins/Online/Android/OnlineSubsystemGooglePlay/OnlineSubsystemGooglePlay.uplugin
LogPluginManager: Loaded Plugin OnlineSubsystemIOS, From C:/Program Files (x86)/Epic Games/4.13/Engine/Plugins/Online/IOS/OnlineSubsystemIOS/OnlineSubsystemIOS.uplugin
LogPluginManager: Loaded Plugin OnlineFramework, From C:/Program Files (x86)/Epic Games/4.13/Engine/Plugins/Online/OnlineFramework/OnlineFramework.uplugin
LogPluginManager: Loaded Plugin OnlineSubsystem, From C:/Program Files (x86)/Epic Games/4.13/Engine/Plugins/Online/OnlineSubsystem/OnlineSubsystem.uplugin
LogPluginManager: Loaded Plugin OnlineSubsystemAmazon, From C:/Program Files (x86)/Epic Games/4.13/Engine/Plugins/Online/OnlineSubsystemAmazon/OnlineSubsystemAmazon.uplugin
LogPluginManager: Loaded Plugin OnlineSubsystemFacebook, From C:/Program Files (x86)/Epic Games/4.13/Engine/Plugins/Online/OnlineSubsystemFacebook/OnlineSubsystemFacebook.uplugin
LogPluginManager: Loaded Plugin OnlineSubsystemNull, From C:/Program Files (x86)/Epic Games/4.13/Engine/Plugins/Online/OnlineSubsystemNull/OnlineSubsystemNull.uplugin
LogPluginManager: Loaded Plugin OnlineSubsystemOculus, From C:/Program Files (x86)/Epic Games/4.13/Engine/Plugins/Online/OnlineSubsystemOculus/OnlineSubsystemOculus.uplugin
LogPluginManager: Loaded Plugin OnlineSubsystemSteam, From C:/Program Files (x86)/Epic Games/4.13/Engine/Plugins/Online/OnlineSubsystemSteam/OnlineSubsystemSteam.uplugin
LogPluginManager: Loaded Plugin OnlineSubsystemUtils, From C:/Program Files (x86)/Epic Games/4.13/Engine/Plugins/Online/OnlineSubsystemUtils/OnlineSubsystemUtils.uplugin
LogPluginManager: Loaded Plugin IOSTapJoy, From C:/Program Files (x86)/Epic Games/4.13/Engine/Plugins/Runtime/Advertising/IOSTapJoy/IOSTapJoy.uplugin
LogPluginManager: Loaded Plugin AnalyticsBlueprintLibrary, From C:/Program Files (x86)/Epic Games/4.13/Engine/Plugins/Runtime/Analytics/AnalyticsBlueprintLibrary/AnalyticsBlueprintLibrary.uplugin
LogPluginManager: Loaded Plugin AnalyticsMulticast, From C:/Program Files (x86)/Epic Games/4.13/Engine/Plugins/Runtime/Analytics/AnalyticsMulticast/AnalyticsMulticast.uplugin
LogPluginManager: Loaded Plugin Apsalar, From C:/Program Files (x86)/Epic Games/4.13/Engine/Plugins/Runtime/Analytics/Apsalar/Apsalar.uplugin
LogPluginManager: Loaded Plugin FileLogging, From C:/Program Files (x86)/Epic Games/4.13/Engine/Plugins/Runtime/Analytics/FileLogging/FileLogging.uplugin
LogPluginManager: Loaded Plugin Flurry, From C:/Program Files (x86)/Epic Games/4.13/Engine/Plugins/Runtime/Analytics/Flurry/Flurry.uplugin
LogPluginManager: Loaded Plugin AndroidDeviceProfileSelector, From C:/Program Files (x86)/Epic Games/4.13/Engine/Plugins/Runtime/AndroidDeviceProfileSelector/AndroidDeviceProfileSelector.uplugin
LogPluginManager: Loaded Plugin AndroidMoviePlayer, From C:/Program Files (x86)/Epic Games/4.13/Engine/Plugins/Runtime/AndroidMoviePlayer/AndroidMoviePlayer.uplugin
LogPluginManager: Loaded Plugin AppleMoviePlayer, From C:/Program Files (x86)/Epic Games/4.13/Engine/Plugins/Runtime/AppleMoviePlayer/AppleMoviePlayer.uplugin
LogPluginManager: Loaded Plugin ArchVisCharacter, From C:/Program Files (x86)/Epic Games/4.13/Engine/Plugins/Runtime/ArchVisCharacter/ArchVisCharacter.uplugin
LogPluginManager: Loaded Plugin CableComponent, From C:/Program Files (x86)/Epic Games/4.13/Engine/Plugins/Runtime/CableComponent/CableComponent.uplugin
LogPluginManager: Loaded Plugin CustomMeshComponent, From C:/Program Files (x86)/Epic Games/4.13/Engine/Plugins/Runtime/CustomMeshComponent/CustomMeshComponent.uplugin
LogPluginManager: Loaded Plugin ExampleDeviceProfileSelector, From C:/Program Files (x86)/Epic Games/4.13/Engine/Plugins/Runtime/ExampleDeviceProfileSelector/ExampleDeviceProfileSelector.uplugin
LogPluginManager: Loaded Plugin GearVR, From C:/Program Files (x86)/Epic Games/4.13/Engine/Plugins/Runtime/GearVR/GearVR.uplugin
LogPluginManager: Loaded Plugin GoogleVRController, From C:/Program Files (x86)/Epic Games/4.13/Engine/Plugins/Runtime/GoogleVR/GoogleVRController/GoogleVRController.uplugin
LogPluginManager: Loaded Plugin GoogleVRHMD, From C:/Program Files (x86)/Epic Games/4.13/Engine/Plugins/Runtime/GoogleVR/GoogleVRHMD/GoogleVRHMD.uplugin
LogPluginManager: Loaded Plugin IOSDeviceProfileSelector, From C:/Program Files (x86)/Epic Games/4.13/Engine/Plugins/Runtime/IOSDeviceProfileSelector/IOSDeviceProfileSelector.uplugin
LogPluginManager: Loaded Plugin LeapMotion, From C:/Program Files (x86)/Epic Games/4.13/Engine/Plugins/Runtime/LeapMotion/LeapMotion.uplugin
LogPluginManager: Loaded Plugin LinuxDeviceProfileSelector, From C:/Program Files (x86)/Epic Games/4.13/Engine/Plugins/Runtime/LinuxDeviceProfileSelector/LinuxDeviceProfileSelector.uplugin
LogPluginManager: Loaded Plugin LiveEditorListenServer, From C:/Program Files (x86)/Epic Games/4.13/Engine/Plugins/Runtime/LiveEditorListenServer/LiveEditorListenServer.uplugin
LogPluginManager: Loaded Plugin OculusAudio, From C:/Program Files (x86)/Epic Games/4.13/Engine/Plugins/Runtime/OculusAudio/OculusAudio.uplugin
LogPluginManager: Loaded Plugin OculusInput, From C:/Program Files (x86)/Epic Games/4.13/Engine/Plugins/Runtime/OculusInput/OculusInput.uplugin
LogPluginManager: Loaded Plugin OculusLibrary, From C:/Program Files (x86)/Epic Games/4.13/Engine/Plugins/Runtime/OculusLibrary/OculusLibrary.uplugin
LogPluginManager: Loaded Plugin OculusRift, From C:/Program Files (x86)/Epic Games/4.13/Engine/Plugins/Runtime/OculusRift/OculusRift.uplugin
LogPluginManager: Loaded Plugin Oodle, From C:/Program Files (x86)/Epic Games/4.13/Engine/Plugins/Runtime/PacketHandlers/CompressionComponents/Oodle/Oodle.uplugin
LogPluginManager: Loaded Plugin ProceduralMeshComponent, From C:/Program Files (x86)/Epic Games/4.13/Engine/Plugins/Runtime/ProceduralMeshComponent/ProceduralMeshComponent.uplugin
LogPluginManager: Loaded Plugin SoundMod, From C:/Program Files (x86)/Epic Games/4.13/Engine/Plugins/Runtime/SoundMod/SoundMod.uplugin
LogPluginManager: Loaded Plugin SoundVisualizations, From C:/Program Files (x86)/Epic Games/4.13/Engine/Plugins/Runtime/SoundVisualizations/SoundVisualizations.uplugin
LogPluginManager: Loaded Plugin SteamController, From C:/Program Files (x86)/Epic Games/4.13/Engine/Plugins/Runtime/Steam/SteamController/SteamController.uplugin
LogPluginManager: Loaded Plugin SteamVR, From C:/Program Files (x86)/Epic Games/4.13/Engine/Plugins/Runtime/Steam/SteamVR/SteamVR.uplugin
LogPluginManager: Loaded Plugin WebBrowserWidget, From C:/Program Files (x86)/Epic Games/4.13/Engine/Plugins/Runtime/WebBrowserWidget/WebBrowserWidget.uplugin
LogPluginManager: Loaded Plugin WindowsDeviceProfileSelector, From C:/Program Files (x86)/Epic Games/4.13/Engine/Plugins/Runtime/WindowsDeviceProfileSelector/WindowsDeviceProfileSelector.uplugin
LogPluginManager: Loaded Plugin WindowsMoviePlayer, From C:/Program Files (x86)/Epic Games/4.13/Engine/Plugins/Runtime/WindowsMoviePlayer/WindowsMoviePlayer.uplugin
LogPluginManager: Loaded Plugin ScriptPlugin, From C:/Program Files (x86)/Epic Games/4.13/Engine/Plugins/ScriptPlugin/ScriptPlugin.uplugin
LogPluginManager: Loaded Plugin SlateRemote, From C:/Program Files (x86)/Epic Games/4.13/Engine/Plugins/Slate/SlateRemote/SlateRemote.uplugin
LogInit: Using libcurl 7.47.1
LogInit:  - built for x86_64-pc-win32
LogInit:  - supports SSL with WinSSL
LogInit:  - other features:
LogInit:      CURL_VERSION_SSL
LogInit:      CURL_VERSION_IPV6
LogInit:      CURL_VERSION_ASYNCHDNS
LogInit:      CURL_VERSION_LARGEFILE
LogInit:      CURL_VERSION_IDN
LogInit:  CurlRequestOptions (configurable via config and command line):
LogInit:  - bVerifyPeer = false  - Libcurl will NOT verify peer certificate
LogInit:  - bUseHttpProxy = false  - Libcurl will NOT use HTTP proxy
LogInit:  - bDontReuseConnections = false  - Libcurl will reuse connections
LogInit:  - CertBundlePath = nullptr  - Libcurl will use whatever was configured at build time.
LogInit: Build: ++UE4+Release-4.13-CL-3142249
LogInit: Engine Version: 4.13.1-3142249+++UE4+Release-4.13
LogInit: Compatible Engine Version: 4.13.0-3106830+++UE4+Release-4.13
LogInit: Net CL: 3142249
LogDevObjectVersion: Number of dev versions registered: 13
LogDevObjectVersion:   Dev-Blueprints (B0D832E4-1F89-4F0D-ACCF-7EB736FD4AA2): 5
LogDevObjectVersion:   Dev-Build (E1C64328-A22C-4D53-A36C-8E866417BD8C): 0
LogDevObjectVersion:   Dev-Core (375EC13C-06E4-48FB-B500-84F0262A717E): 1
LogDevObjectVersion:   Dev-Editor (E4B068ED-F494-42E9-A231-DA0B2E46BB41): 6
LogDevObjectVersion:   Dev-Framework (CFFC743F-43B0-4480-9391-14DF171D2073): 12
LogDevObjectVersion:   Dev-Mobile (B02B49B5-BB20-44E9-A304-32B752E40360): 0
LogDevObjectVersion:   Dev-Networking (A4E4105C-59A1-49B5-A7C5-40C4547EDFEE): 0
LogDevObjectVersion:   Dev-Online (39C831C9-5AE6-47DC-9A44-9C173E1C8E7C): 0
LogDevObjectVersion:   Dev-Physics (78F01B33-EBEA-4F98-B9B4-84EACCB95AA2): 0
LogDevObjectVersion:   Dev-Platform (6631380F-2D4D-43E0-8009-CF276956A95A): 0
LogDevObjectVersion:   Dev-Rendering (12F88B9F-8875-4AFC-A67C-D90C383ABD29): 4
LogDevObjectVersion:   Dev-Sequencer (7B5AE74C-D270-4C10-A958-57980B212A5A): 0
LogDevObjectVersion:   Dev-VR (D7296918-1DD6-4BDD-9DE2-64A83CC13884): 0
LogInit: Compiled (64-bit): Sep 28 2016 02:12:12
LogInit: Compiled with Visual C++: 19.00.23026.00
LogInit: Build Configuration: Development
LogInit: Branch Name: ++UE4+Release-4.13
LogInit: Command line: -EpicPortal 
LogInit: Base directory: C:/Program Files (x86)/Epic Games/4.13/Engine/Binaries/Win64/
LogInit: Installed Engine Build: 1
LogInit: Presizing for max 8388607 objects, including 0 objects not considered by GC, pre-allocating 0 bytes for permanent pool.
LogInit: Object subsystem initialized
[2016.10.11-00.52.29:209][  0]LogInit: Selected Device Profile: [Windows]
[2016.10.11-00.52.29:209][  0]LogInit: Applying CVar settings loaded from the selected device profile: [Windows]
[2016.10.11-00.52.29:229][  0]LogInit: Computer: DESKTOP-07E9MLE
[2016.10.11-00.52.29:229][  0]LogInit: User: Francis
[2016.10.11-00.52.29:229][  0]LogInit: CPU Page size=65536, Cores=4
[2016.10.11-00.52.29:229][  0]LogInit: High frequency timer resolution =3.410070 MHz
[2016.10.11-00.52.29:230][  0]LogMemory: Memory total: Physical=16.0GB (16GB approx)
[2016.10.11-00.52.29:230][  0]LogMemory: Platform Memory Stats for Windows
[2016.10.11-00.52.29:230][  0]LogMemory: Process Physical Memory: 255.44 MB used, 255.44 MB peak
[2016.10.11-00.52.29:230][  0]LogMemory: Process Virtual Memory: 259.98 MB used, 259.98 MB peak
[2016.10.11-00.52.29:230][  0]LogMemory: Physical Memory: 5324.17 MB used, 16337.77 MB total
[2016.10.11-00.52.29:230][  0]LogMemory: Virtual Memory: 624.38 MB used, 134217728.00 MB total
[2016.10.11-00.52.29:261][  0]LogTextLocalizationManager: No translations for ('fr-CA') exist, falling back to 'en' for localization and internationalization data.
[2016.10.11-00.52.29:854][  0]LogD3D11RHI: D3D11 adapters:
[2016.10.11-00.52.29:877][  0]LogD3D11RHI:    0. 'NVIDIA GeForce GTX 760' (Feature Level 11_0)
[2016.10.11-00.52.29:877][  0]LogD3D11RHI:       1989/0/8168 MB DedicatedVideo/DedicatedSystem/SharedSystem, Outputs:2, VendorId:0x10de
[2016.10.11-00.52.29:879][  0]LogD3D11RHI:    1. 'Microsoft Basic Render Driver' (Feature Level 11_0)
[2016.10.11-00.52.29:879][  0]LogD3D11RHI:       0/0/8168 MB DedicatedVideo/DedicatedSystem/SharedSystem, Outputs:0, VendorId:0x1414
[2016.10.11-00.52.29:879][  0]LogD3D11RHI: Chosen D3D11 Adapter: 0
[2016.10.11-00.52.29:883][  0]LogD3D11RHI: Creating new Direct3DDevice
[2016.10.11-00.52.29:883][  0]LogD3D11RHI:     GPU DeviceId: 0x1187 (for the marketing name, search the web for "GPU Device Id")
[2016.10.11-00.52.29:883][  0]LogWindows: EnumDisplayDevices:
[2016.10.11-00.52.29:883][  0]LogWindows:    0. 'NVIDIA GeForce GTX 760' (P:1 D:1)
[2016.10.11-00.52.29:883][  0]LogWindows:    1. 'NVIDIA GeForce GTX 760' (P:0 D:1)
[2016.10.11-00.52.29:883][  0]LogWindows:    2. 'NVIDIA GeForce GTX 760' (P:0 D:0)
[2016.10.11-00.52.29:883][  0]LogWindows:    3. 'NVIDIA GeForce GTX 760' (P:0 D:0)
[2016.10.11-00.52.29:883][  0]LogWindows: DebugString: FoundDriverCount:4 
[2016.10.11-00.52.29:883][  0]LogD3D11RHI:     Adapter Name: NVIDIA GeForce GTX 760
[2016.10.11-00.52.29:883][  0]LogD3D11RHI:   Driver Version: 368.39 (internal:10.18.13.6839, unified:368.39)
[2016.10.11-00.52.29:883][  0]LogD3D11RHI:      Driver Date: 6-2-2016
[2016.10.11-00.52.29:883][  0]LogRHI: Texture pool is 1361 MB (70% of 1945 MB)
[2016.10.11-00.52.29:895][  0]LogD3D11RHI: Async texture creation enabled
[2016.10.11-00.52.29:904][  0]LogD3D11RHI: GPU Timing Frequency: 1000.000000 (Debug: 2 1)
[2016.10.11-00.52.29:905][  0]LogShaderCompilers: Guid format shader working directory is -29 characters bigger than the processId version (../../../../../../Users/Francis/Documents/Unreal Projects/ThirdPersonShooter/Intermediate/Shaders/WorkingDirectory/10656/).
[2016.10.11-00.52.29:905][  0]LogShaderCompilers: Cleaned the shader compiler working directory 'C:/Users/Francis/AppData/Local/Temp/UnrealShaderWorkingDir/3226C8F44C2A2F0CC6332CAB947C5B42/'.
[2016.10.11-00.52.29:905][  0]LogShaderCompilers:Display: Using Local Shader Compiler.
[2016.10.11-00.52.30:871][  0]LogTemp:Display: Loaded TP AllDesktopTargetPlatform
[2016.10.11-00.52.30:879][  0]LogTemp:Display: Loaded TP WindowsClientTargetPlatform
[2016.10.11-00.52.30:886][  0]LogTemp:Display: Loaded TP WindowsNoEditorTargetPlatform
[2016.10.11-00.52.30:894][  0]LogTemp:Display: Loaded TP WindowsServerTargetPlatform
[2016.10.11-00.52.30:901][  0]LogTemp:Display: Loaded TP WindowsTargetPlatform
[2016.10.11-00.52.30:907][  0]LogTemp:Display: Loaded TP AndroidTargetPlatform
[2016.10.11-00.52.30:913][  0]LogTemp:Display: Loaded TP Android_ASTCTargetPlatform
[2016.10.11-00.52.30:920][  0]LogTemp:Display: Loaded TP Android_ATCTargetPlatform
[2016.10.11-00.52.30:926][  0]LogTemp:Display: Loaded TP Android_DXTTargetPlatform
[2016.10.11-00.52.30:931][  0]LogTemp:Display: Loaded TP Android_ETC1TargetPlatform
[2016.10.11-00.52.30:937][  0]LogTemp:Display: Loaded TP Android_ETC2TargetPlatform
[2016.10.11-00.52.30:950][  0]LogTemp:Display: Loaded TP Android_MultiTargetPlatform
[2016.10.11-00.52.30:950][  0]LogTemp:Display: Loaded TP Android_PVRTCTargetPlatform
[2016.10.11-00.52.30:951][  0]LogTemp:Display: Loaded TP HTML5TargetPlatform
[2016.10.11-00.52.30:970][  0]LogTemp:Display: Loaded TP IOSTargetPlatform
[2016.10.11-00.52.30:976][  0]LogTemp:Display: Loaded TP TVOSTargetPlatform
[2016.10.11-00.52.30:982][  0]LogTemp:Display: Loaded TP LinuxClientTargetPlatform
[2016.10.11-00.52.30:989][  0]LogTemp:Display: Loaded TP LinuxNoEditorTargetPlatform
[2016.10.11-00.52.30:994][  0]LogTemp:Display: Loaded TP LinuxServerTargetPlatform
[2016.10.11-00.52.31:000][  0]LogTemp:Display: Loaded TP LinuxTargetPlatform
[2016.10.11-00.52.31:000][  0]LogTargetPlatformManager:Display: Building Assets For Windows
[2016.10.11-00.52.31:054][  0]LogDerivedDataCache:Display: Max Cache Size: 512 MB
[2016.10.11-00.52.31:129][  0]LogDerivedDataCache: Loaded boot cache 0.07s 62MB C:/Users/Francis/AppData/Local/UnrealEngine/4.13/DerivedDataCache/Boot.ddc.
[2016.10.11-00.52.31:129][  0]LogDerivedDataCache:Display: Loaded Boot cache: C:/Users/Francis/AppData/Local/UnrealEngine/4.13/DerivedDataCache/Boot.ddc
[2016.10.11-00.52.31:129][  0]LogDerivedDataCache: FDerivedDataBackendGraph:  Pak pak cache file ../../../../../../Users/Francis/Documents/Unreal Projects/ThirdPersonShooter/DerivedDataCache/DDC.ddp not found, will not use a pak cache.
[2016.10.11-00.52.31:129][  0]LogDerivedDataCache: Unable to find inner node Pak for hierarchical cache Hierarchy.
[2016.10.11-00.52.31:129][  0]LogDerivedDataCache: FDerivedDataBackendGraph:  CompressedPak pak cache file ../../../../../../Users/Francis/Documents/Unreal Projects/ThirdPersonShooter/DerivedDataCache/Compressed.ddp not found, will not use a pak cache.
[2016.10.11-00.52.31:129][  0]LogDerivedDataCache: Unable to find inner node CompressedPak for hierarchical cache Hierarchy.
[2016.10.11-00.52.31:169][  0]LogDerivedDataCache:Display: Pak cache opened for reading ../../../Engine/DerivedDataCache/Compressed.ddp.
[2016.10.11-00.52.31:181][  0]LogDerivedDataCache: Using Local data cache path C:/Users/Francis/AppData/Local/UnrealEngine/Common/DerivedDataCache: Writable
[2016.10.11-00.52.31:358][  0]LogInit: Selected Device Profile: [Windows]
[2016.10.11-00.52.31:360][  0]LogContentStreaming: Texture pool size is 0.00 MB
[2016.10.11-00.52.31:443][  0]LogMeshUtilities: No automatic mesh reduction module available
[2016.10.11-00.52.31:443][  0]LogMeshUtilities: No automatic mesh merging module available
[2016.10.11-00.52.31:443][  0]LogMeshUtilities: No distributed automatic mesh merging module available
[2016.10.11-00.52.31:502][  0]LogMaterial: Uniform references updated for custom material expression Custom.
[2016.10.11-00.52.31:799][  0]LogNetVersion: GetLocalNetworkVersion: CL: 3106830, ProjectName: thirdpersonshooter, ProjectVersion: , EngineNetworkVersion: 1, GameNetworkVersion: 0, NetworkChecksum: 363274680
[2016.10.11-00.52.31:838][  0]LogAssetRegistry: FAssetRegistry took 0.0211 seconds to start up
[2016.10.11-00.52.31:859][  0]LogPackageLocalizationCache: Processed 3 localized package path(s) for 1 prioritized culture(s) in 0.018039 seconds
[2016.10.11-00.52.31:864][  0]LogUObjectArray: 29778 objects as part of root set at end of initial load.
[2016.10.11-00.52.31:864][  0]LogUObjectAllocator: 6125448 out of 0 bytes used by permanent object pool.
[2016.10.11-00.52.31:864][  0]LogUObjectArray: CloseDisregardForGC: 0/0 objects in disregard for GC pool
[2016.10.11-00.52.31:871][  0]LogInit: WinSock: version 1.1 (2.2), MaxSocks=32767, MaxUdp=65467
[2016.10.11-00.52.32:051][  0]LogSlate: SlateFontCache - WITH_FREETYPE: 1, WITH_HARFBUZZ: 1
[2016.10.11-00.52.32:051][  0]LogSlate: SlateFontCache - WITH_FREETYPE: 1, WITH_HARFBUZZ: 1
[2016.10.11-00.52.32:633][  0]LogTcpMessaging: Initializing TcpMessaging bridge
[2016.10.11-00.52.32:652][  0]LogUdpMessaging: Initializing bridge on interface 0.0.0.0:0 to multicast group 230.0.0.1:6666.
[2016.10.11-00.52.32:844][  0]SourceControl: Info Source control is disabled
[2016.10.11-00.52.32:844][  0]SourceControl: Info Source control is disabled
[2016.10.11-00.52.32:850][  0]SourceControl: Info Source control is disabled
[2016.10.11-00.52.32:856][  0]SourceControl: Info Source control is disabled
[2016.10.11-00.52.33:072][  0]LogEngine: Initializing Engine...
[2016.10.11-00.52.33:073][  0]LogHMD: Failed to initialize OpenVR with code 110
[2016.10.11-00.52.33:198][  0]LogAIModule: Creating AISystem for world Untitled
[2016.10.11-00.52.33:209][  0]LogInit: XAudio2 using 'Haut-parleurs (4- Plantronics GameCom 780/788)' : 2 channels at 44.1 kHz using 16 bits per sample (channel mask 0x3)
[2016.10.11-00.52.33:216][  0]LogInit: FAudioDevice initialized.
[2016.10.11-00.52.33:259][  0]LogDerivedDataCache: Saved boot cache 0.04s 62MB C:/Users/Francis/AppData/Local/UnrealEngine/4.13/DerivedDataCache/Boot.ddc.
[2016.10.11-00.52.33:275][  0]LogInit: Texture streaming: Enabled
[2016.10.11-00.52.33:295][  0]LogInit: Transaction tracking system initialized
[2016.10.11-00.52.33:311][  0]BlueprintLog: New page: Editor Load
[2016.10.11-00.52.33:364][  0]LocalizationService: Info Localization service is disabled
[2016.10.11-00.52.33:427][  0]LogConsoleResponse:Display: 
[2016.10.11-00.52.33:528][  0]LogCook:Display: Max memory allowance for cook 16384mb min free memory 0mb
[2016.10.11-00.52.33:528][  0]LogCook:Display: Mobile HDR setting 1
[2016.10.11-00.52.33:638][  0]LogFileCache: Scanning file cache for directory 'C:/Users/Francis/Documents/Unreal Projects/ThirdPersonShooter/Content/' took 0.02s
[2016.10.11-00.52.33:638][  0]SourceControl: Info Source control is disabled
[2016.10.11-00.52.33:638][  0]Cmd: MAP LOAD FILE="../../../../../../Users/Francis/Documents/Unreal Projects/ThirdPersonShooter/Content/ThirdPersonBP/Maps/ThirdPersonExampleMap.umap" TEMPLATE=0 SHOWPROGRESS=1 FEATURELEVEL=3
[2016.10.11-00.52.33:644][  0]LightingResults: New page: Lighting Build
[2016.10.11-00.52.33:645][  0]MapCheck: New page: Map Check
[2016.10.11-00.52.33:645][  0]LightingResults: New page: Lighting Build
[2016.10.11-00.52.34:309][  0]LogAIModule: Creating AISystem for world ThirdPersonExampleMap
[2016.10.11-00.52.34:329][  0]LogEditorServer: Finished looking for orphan Actors (0.000 secs)
[2016.10.11-00.52.34:330][  0]Cmd: MAP CHECKDEP NOCLEARLOG
[2016.10.11-00.52.34:370][  0]MapCheck: Info Map check complete: 0 Error(s), 0 Warning(s), took 39.971ms to complete.
[2016.10.11-00.52.34:370][  0]LogFileHelpers: Loading map 'ThirdPersonExampleMap' took 0.732
[2016.10.11-00.52.34:526][  0]LogCollectionManager: Loaded 0 collections in 0.001409 seconds
[2016.10.11-00.52.34:583][  0]LogFileCache: Scanning file cache for directory 'C:/Users/Francis/Documents/Unreal Projects/ThirdPersonShooter/Saved/Collections/' took 0.01s
[2016.10.11-00.52.34:583][  0]LogFileCache: Scanning file cache for directory 'C:/Users/Francis/Documents/Unreal Projects/ThirdPersonShooter/Content/Developers/Francis/Collections/' took 0.01s
[2016.10.11-00.52.34:583][  0]LogFileCache: Scanning file cache for directory 'C:/Users/Francis/Documents/Unreal Projects/ThirdPersonShooter/Content/Collections/' took 0.01s
[2016.10.11-00.52.34:583][  0]LogCollectionManager: Rebuilt the GUID cache for 0 collections in 0.000002 seconds
[2016.10.11-00.52.34:595][  0]LogContentBrowser: Native class hierarchy populated in 0.0098 seconds. Added 2141 classes and 415 folders.
[2016.10.11-00.52.34:600][  0]LogStats: UGameplayTagsManager::ConstructGameplayTagTree: Construct from data asset -  0.000 s
[2016.10.11-00.52.34:600][  0]LogStats: UGameplayTagsManager::ConstructGameplayTagTree: GameplayTagTreeChangedEvent.Broadcast -  0.000 s
[2016.10.11-00.52.34:601][  0]LogContentBrowser: Native class hierarchy updated for 'GameplayTags' in 0.0004 seconds. Added 12 classes and 0 folders.
[2016.10.11-00.52.34:616][  0]LogContentBrowser: Native class hierarchy updated for 'WidgetCarousel' in 0.0006 seconds. Added 0 classes and 0 folders.
[2016.10.11-00.52.34:881][  0]LogContentBrowser: Native class hierarchy updated for 'AddContentDialog' in 0.0004 seconds. Added 0 classes and 0 folders.
[2016.10.11-00.52.34:890][  0]LogContentBrowser: Native class hierarchy updated for 'SceneOutliner' in 0.0005 seconds. Added 1 classes and 2 folders.
[2016.10.11-00.52.34:937][  0]LogCrashTracker: Crashtracker disabled due to settings.
[2016.10.11-00.52.34:949][  0]LogUObjectGlobals:Warning: Failed to find object 'Class None.'
[2016.10.11-00.52.34:977][  0]LogContentBrowser: Native class hierarchy updated for 'HierarchicalLODOutliner' in 0.0005 seconds. Added 1 classes and 2 folders.
[2016.10.11-00.52.34:977][  0]LogLoad: (Engine Initialization) Total time: 6.58 seconds
[2016.10.11-00.52.34:977][  0]LogLoad: (Engine Initialization) Total Blueprint compile time: 0.10 seconds
[2016.10.11-00.52.34:977][  0]LogExternalProfiler: Found external profiler: VSPerf
[2016.10.11-00.52.34:977][  0]LogExternalProfiler: Using external profiler: VSPerf
[2016.10.11-00.52.34:986][  0]LogOcInput: OculusInput pre-init called
[2016.10.11-00.52.35:008][  0]LogContentStreaming: Texture pool size now 1000 MB
[2016.10.11-00.52.35:226][  0]LogRenderer: Reallocating scene render targets to support 1224x576 (Frame:2).
[2016.10.11-00.52.35:316][  1]LogAssetRegistry: Asset discovery search completed in 3.4990 seconds
[2016.10.11-00.52.35:316][  1]LogCollectionManager: Rebuilt the object cache for 0 collections in 0.000001 seconds (found 0 objects)
[2016.10.11-00.52.35:316][  1]LogCollectionManager: Fixed up redirectors for 0 collections in 0.000018 seconds (updated 0 objects)
[2016.10.11-00.52.52:206][982]LogEditorViewport: Clicking on Actor (LMB): StaticMeshActor (Wall6)
[2016.10.11-00.52.57:579][586]Cmd: DELETE
[2016.10.11-00.52.57:579][586]Cmd: ACTOR DELETE
[2016.10.11-00.52.57:585][586]LogEditorActor: Deleted Actor: StaticMeshActor
[2016.10.11-00.52.57:600][586]LogEditorActor: Deleted 1 Actors (0.020 secs)
[2016.10.11-00.53.00:030][876]LogEditorViewport: Clicking on Actor (LMB): StaticMeshActor (Wall5)
[2016.10.11-00.53.00:325][906]Cmd: DELETE
[2016.10.11-00.53.00:325][906]Cmd: ACTOR DELETE
[2016.10.11-00.53.00:325][906]LogEditorActor: Deleted Actor: StaticMeshActor
[2016.10.11-00.53.00:337][906]LogEditorActor: Deleted 1 Actors (0.012 secs)
[2016.10.11-00.53.03:144][223]LogEditorViewport: Clicking on Actor (LMB): StaticMeshActor (Wall7)
[2016.10.11-00.53.04:747][408]Cmd: DELETE
[2016.10.11-00.53.04:748][408]Cmd: ACTOR DELETE
[2016.10.11-00.53.04:748][408]LogEditorActor: Deleted Actor: StaticMeshActor
[2016.10.11-00.53.04:757][408]LogEditorActor: Deleted 1 Actors (0.009 secs)
[2016.10.11-00.53.08:989][895]LogEditorViewport: Clicking on Actor (LMB): StaticMeshActor (Wall8)
[2016.10.11-00.53.10:293][ 11]Cmd: DELETE
[2016.10.11-00.53.10:294][ 11]Cmd: ACTOR DELETE
[2016.10.11-00.53.10:294][ 11]LogEditorActor: Deleted Actor: StaticMeshActor
[2016.10.11-00.53.10:302][ 11]LogEditorActor: Deleted 1 Actors (0.009 secs)
[2016.10.11-00.53.13:209][302]LogEditorViewport: Clicking on Actor (LMB): BP_Sky_Sphere_C (SkySphereBlueprint)
[2016.10.11-00.53.13:740][358]LogEditorViewport: Clicking on Actor (LMB): StaticMeshActor (Floor)
[2016.10.11-00.53.27:250][944]LogEditorViewport: Clicking on Actor (LMB): StaticMeshActor (Floor)
[2016.10.11-00.53.27:800][  6]LogEditorViewport: Clicking on Actor (LMB): ThirdPersonCharacter_C (ThirdPersonCharacter)
[2016.10.11-00.53.33:081][556]LogEditorViewport: Clicking on Actor (LMB): ThirdPersonCharacter_C (ThirdPersonCharacter)
[2016.10.11-00.53.34:503][680]LogEditorViewport: Clicking on Actor (LMB): ThirdPersonCharacter_C (ThirdPersonCharacter)
[2016.10.11-00.53.34:671][696]LogEditorViewport: Clicking on Component (LMB): CameraComponent (FollowCamera)
[2016.10.11-00.53.34:866][714]LogEditorViewport: Clicking on Component (LMB): CameraComponent (FollowCamera)
[2016.10.11-00.53.35:288][762]LogEditorViewport: Clicking on Component (LMB): CameraComponent (FollowCamera)
[2016.10.11-00.53.35:360][768]LogEditorViewport: Clicking on Actor (double click): ThirdPersonCharacter_C (ThirdPersonCharacter)
[2016.10.11-00.53.35:947][824]LogEditorViewport: Clicking on Actor (LMB): ThirdPersonCharacter_C (ThirdPersonCharacter)
[2016.10.11-00.53.36:040][832]LogEditorViewport: Clicking on Component (LMB): CameraComponent (FollowCamera)
[2016.10.11-00.53.39:833][188]LogContentBrowser: Native class hierarchy updated for 'BlueprintGraph' in 0.0009 seconds. Added 112 classes and 0 folders.
[2016.10.11-00.54.13:187][770]LogEditorViewport: Clicking on Component